<?xml version="1.0" encoding="UTF-8"?>
<!-- Generated by org.testng.reporters.JUnitReportReporter -->
<testsuite hostname="THIYAGUVASU" failures="0" tests="9" name="com.AdactineMavenProject.testNG_prj" time="0.072" errors="0" timestamp="2022-06-20T09:05:05 IST" skipped="1">
  <testcase classname="com.AdactineMavenProject.testNG_prj" name="shoe" time="0.012"/>
  <system-out/>
  <testcase classname="com.AdactineMavenProject.testNG_prj" name="shoe" time="0.005"/>
  <system-out/>
  <testcase classname="com.AdactineMavenProject.testNG_prj" name="selectionOfDresses" time="0.010"/>
  <system-out/>
  <testcase classname="com.AdactineMavenProject.testNG_prj" name="sarees" time="0.010"/>
  <system-out/>
  <testcase classname="com.AdactineMavenProject.testNG_prj" name="sarees" time="0.017"/>
  <system-out/>
  <testcase classname="com.AdactineMavenProject.testNG_prj" name="tShirt" time="0.005"/>
  <system-out/>
  <testcase classname="com.AdactineMavenProject.testNG_prj" name="tShirt" time="0.006"/>
  <system-out/>
  <testcase classname="com.AdactineMavenProject.testNG_prj" name="tShirt" time="0.007"/>
  <system-out/>
  <testcase classname="com.AdactineMavenProject.testNG_prj" name="jean">
    <skipped/>
  </testcase> <!-- jean -->
  <system-out/>
</testsuite> <!-- com.AdactineMavenProject.testNG_prj -->
