<?xml version="1.0" encoding="UTF-8"?>
<!-- Generated by org.testng.reporters.JUnitReportReporter -->
<testsuite hostname="THIYAGUVASU" failures="0" tests="9" name="com.AdactineMavenProject.Grouptng" time="0.033" errors="0" timestamp="2022-06-21T01:51:16 IST" skipped="0">
  <testcase classname="com.AdactineMavenProject.Grouptng" name="spiceJet" time="0.014"/>
  <system-out/>
  <testcase classname="com.AdactineMavenProject.Grouptng" name="indiGo" time="0.003"/>
  <system-out/>
  <testcase classname="com.AdactineMavenProject.Grouptng" name="jetAirWays" time="0.002"/>
  <system-out/>
  <testcase classname="com.AdactineMavenProject.Grouptng" name="vistara" time="0.002"/>
  <system-out/>
  <testcase classname="com.AdactineMavenProject.Grouptng" name="ksrtc" time="0.002"/>
  <system-out/>
  <testcase classname="com.AdactineMavenProject.Grouptng" name="setc" time="0.004"/>
  <system-out/>
  <testcase classname="com.AdactineMavenProject.Grouptng" name="chennaiExpress" time="0.002"/>
  <system-out/>
  <testcase classname="com.AdactineMavenProject.Grouptng" name="alleppeyExpress" time="0.002"/>
  <system-out/>
  <testcase classname="com.AdactineMavenProject.Grouptng" name="bangaloreExpress" time="0.002"/>
  <system-out/>
</testsuite> <!-- com.AdactineMavenProject.Grouptng -->
