<?xml version="1.0" encoding="UTF-8"?>
<!-- Generated by org.testng.reporters.JUnitReportReporter -->
<testsuite hostname="THIYAGUVASU" failures="0" tests="2" name="com.AdactineMavenProject.parallelTest" time="23.704" errors="0" timestamp="2022-06-21T00:18:07 IST" skipped="0">
  <testcase classname="com.AdactineMavenProject.parallelTest" name="automationPratice" time="11.623"/>
  <system-out/>
  <testcase classname="com.AdactineMavenProject.parallelTest" name="adactineHotel" time="12.081"/>
  <system-out/>
</testsuite> <!-- com.AdactineMavenProject.parallelTest -->
