<?xml version="1.0" encoding="UTF-8"?>
<!-- Generated by org.testng.reporters.JUnitReportReporter -->
<testsuite hostname="THIYAGUVASU" failures="0" tests="10" name="com.AdactineMavenProject.SimpleAnnotation_AutoPrj" time="0.062" errors="0" timestamp="2022-06-20T00:01:13 IST" skipped="0">
  <testcase classname="com.AdactineMavenProject.SimpleAnnotation_AutoPrj" name="closeBrowser" time="0.002"/>
  <system-out/>
  <testcase classname="com.AdactineMavenProject.SimpleAnnotation_AutoPrj" name="deletAllCookies" time="0.002"/>
  <system-out/>
  <testcase classname="com.AdactineMavenProject.SimpleAnnotation_AutoPrj" name="setProperty" time="0.010"/>
  <system-out/>
  <testcase classname="com.AdactineMavenProject.SimpleAnnotation_AutoPrj" name="logout" time="0.008"/>
  <system-out/>
  <testcase classname="com.AdactineMavenProject.SimpleAnnotation_AutoPrj" name="homePage" time="0.013"/>
  <system-out/>
  <testcase classname="com.AdactineMavenProject.SimpleAnnotation_AutoPrj" name="browserLaunch" time="0.003"/>
  <system-out/>
  <testcase classname="com.AdactineMavenProject.SimpleAnnotation_AutoPrj" name="url_Launch" time="0.003"/>
  <system-out/>
  <testcase classname="com.AdactineMavenProject.SimpleAnnotation_AutoPrj" name="addCart" time="0.014"/>
  <system-out/>
  <testcase classname="com.AdactineMavenProject.SimpleAnnotation_AutoPrj" name="searchDress" time="0.004"/>
  <system-out/>
  <testcase classname="com.AdactineMavenProject.SimpleAnnotation_AutoPrj" name="loginPage" time="0.003"/>
  <system-out/>
</testsuite> <!-- com.AdactineMavenProject.SimpleAnnotation_AutoPrj -->
